<?xml version="1.0" encoding="UTF-8"?>
<coverage generated="1623368561440" clover="3.2.0">
  <project timestamp="1623368561440" name="All files">
    <metrics statements="35" coveredstatements="33" conditionals="4" coveredconditionals="2" methods="14" coveredmethods="14" elements="53" coveredelements="49" complexity="0" loc="35" ncloc="35" packages="7" files="12" classes="12"/>
    <package name="components">
      <metrics statements="11" coveredstatements="9" conditionals="4" coveredconditionals="2" methods="2" coveredmethods="2"/>
      <file name="Stars.jsx" path="/Users/mac/Documents/Coding/hr-rfp53-fec3-project/client/src/components/Stars.jsx">
        <metrics statements="11" coveredstatements="9" conditionals="4" coveredconditionals="2" methods="2" coveredmethods="2"/>
        <line num="3" count="1" type="stmt"/>
        <line num="4" count="1" type="stmt"/>
        <line num="5" count="1" type="stmt"/>
        <line num="6" count="1" type="stmt"/>
        <line num="7" count="1" type="cond" truecount="1" falsecount="1"/>
        <line num="8" count="0" type="stmt"/>
        <line num="9" count="1" type="cond" truecount="1" falsecount="1"/>
        <line num="10" count="0" type="stmt"/>
        <line num="12" count="1" type="stmt"/>
        <line num="15" count="1" type="stmt"/>
        <line num="16" count="1" type="stmt"/>
      </file>
    </package>
    <package name="components.overview">
      <metrics statements="2" coveredstatements="2" conditionals="0" coveredconditionals="0" methods="1" coveredmethods="1"/>
      <file name="Overview.jsx" path="/Users/mac/Documents/Coding/hr-rfp53-fec3-project/client/src/components/overview/Overview.jsx">
        <metrics statements="2" coveredstatements="2" conditionals="0" coveredconditionals="0" methods="1" coveredmethods="1"/>
        <line num="8" count="1" type="stmt"/>
        <line num="9" count="1" type="stmt"/>
      </file>
    </package>
    <package name="components.overview.add-to-cart">
      <metrics statements="8" coveredstatements="8" conditionals="0" coveredconditionals="0" methods="4" coveredmethods="4"/>
      <file name="AddToCart.jsx" path="/Users/mac/Documents/Coding/hr-rfp53-fec3-project/client/src/components/overview/add-to-cart/AddToCart.jsx">
        <metrics statements="2" coveredstatements="2" conditionals="0" coveredconditionals="0" methods="1" coveredmethods="1"/>
        <line num="6" count="1" type="stmt"/>
        <line num="7" count="1" type="stmt"/>
      </file>
      <file name="AddToCartButton.jsx" path="/Users/mac/Documents/Coding/hr-rfp53-fec3-project/client/src/components/overview/add-to-cart/AddToCartButton.jsx">
        <metrics statements="2" coveredstatements="2" conditionals="0" coveredconditionals="0" methods="1" coveredmethods="1"/>
        <line num="3" count="1" type="stmt"/>
        <line num="4" count="1" type="stmt"/>
      </file>
      <file name="QuantitySelect.jsx" path="/Users/mac/Documents/Coding/hr-rfp53-fec3-project/client/src/components/overview/add-to-cart/QuantitySelect.jsx">
        <metrics statements="2" coveredstatements="2" conditionals="0" coveredconditionals="0" methods="1" coveredmethods="1"/>
        <line num="3" count="1" type="stmt"/>
        <line num="4" count="1" type="stmt"/>
      </file>
      <file name="SizeSelect.jsx" path="/Users/mac/Documents/Coding/hr-rfp53-fec3-project/client/src/components/overview/add-to-cart/SizeSelect.jsx">
        <metrics statements="2" coveredstatements="2" conditionals="0" coveredconditionals="0" methods="1" coveredmethods="1"/>
        <line num="3" count="1" type="stmt"/>
        <line num="4" count="1" type="stmt"/>
      </file>
    </package>
    <package name="components.overview.image-gallery">
      <metrics statements="2" coveredstatements="2" conditionals="0" coveredconditionals="0" methods="1" coveredmethods="1"/>
      <file name="ImageGallery.jsx" path="/Users/mac/Documents/Coding/hr-rfp53-fec3-project/client/src/components/overview/image-gallery/ImageGallery.jsx">
        <metrics statements="2" coveredstatements="2" conditionals="0" coveredconditionals="0" methods="1" coveredmethods="1"/>
        <line num="3" count="1" type="stmt"/>
        <line num="4" count="1" type="stmt"/>
      </file>
    </package>
    <package name="components.overview.product-desc">
      <metrics statements="2" coveredstatements="2" conditionals="0" coveredconditionals="0" methods="1" coveredmethods="1"/>
      <file name="ProductDescription.jsx" path="/Users/mac/Documents/Coding/hr-rfp53-fec3-project/client/src/components/overview/product-desc/ProductDescription.jsx">
        <metrics statements="2" coveredstatements="2" conditionals="0" coveredconditionals="0" methods="1" coveredmethods="1"/>
        <line num="3" count="1" type="stmt"/>
        <line num="4" count="1" type="stmt"/>
      </file>
    </package>
    <package name="components.overview.product-info">
      <metrics statements="8" coveredstatements="8" conditionals="0" coveredconditionals="0" methods="4" coveredmethods="4"/>
      <file name="Price.jsx" path="/Users/mac/Documents/Coding/hr-rfp53-fec3-project/client/src/components/overview/product-info/Price.jsx">
        <metrics statements="2" coveredstatements="2" conditionals="0" coveredconditionals="0" methods="1" coveredmethods="1"/>
        <line num="3" count="1" type="stmt"/>
        <line num="4" count="1" type="stmt"/>
      </file>
      <file name="ProductInfo.jsx" path="/Users/mac/Documents/Coding/hr-rfp53-fec3-project/client/src/components/overview/product-info/ProductInfo.jsx">
        <metrics statements="4" coveredstatements="4" conditionals="0" coveredconditionals="0" methods="2" coveredmethods="2"/>
        <line num="6" count="1" type="stmt"/>
        <line num="7" count="1" type="stmt"/>
        <line num="8" count="1" type="stmt"/>
        <line num="11" count="1" type="stmt"/>
      </file>
      <file name="SocialMedia.jsx" path="/Users/mac/Documents/Coding/hr-rfp53-fec3-project/client/src/components/overview/product-info/SocialMedia.jsx">
        <metrics statements="2" coveredstatements="2" conditionals="0" coveredconditionals="0" methods="1" coveredmethods="1"/>
        <line num="3" count="1" type="stmt"/>
        <line num="4" count="1" type="stmt"/>
      </file>
    </package>
    <package name="components.overview.style-selector">
      <metrics statements="2" coveredstatements="2" conditionals="0" coveredconditionals="0" methods="1" coveredmethods="1"/>
      <file name="StyleSelect.jsx" path="/Users/mac/Documents/Coding/hr-rfp53-fec3-project/client/src/components/overview/style-selector/StyleSelect.jsx">
        <metrics statements="2" coveredstatements="2" conditionals="0" coveredconditionals="0" methods="1" coveredmethods="1"/>
        <line num="3" count="1" type="stmt"/>
        <line num="4" count="1" type="stmt"/>
      </file>
    </package>
  </project>
</coverage>
