{"/Users/mac/Documents/Coding/hr-rfp53-fec3-project/client/src/components/Stars.jsx": {"path":"/Users/mac/Documents/Coding/hr-rfp53-fec3-project/client/src/components/Stars.jsx","statementMap":{"0":{"start":{"line":3,"column":20},"end":{"line":13,"column":1}},"1":{"start":{"line":4,"column":2},"end":{"line":4,"column":44}},"2":{"start":{"line":5,"column":16},"end":{"line":5,"column":43}},"3":{"start":{"line":6,"column":2},"end":{"line":6,"column":15}},"4":{"start":{"line":7,"column":2},"end":{"line":11,"column":3}},"5":{"start":{"line":8,"column":4},"end":{"line":8,"column":16}},"6":{"start":{"line":9,"column":9},"end":{"line":11,"column":3}},"7":{"start":{"line":10,"column":4},"end":{"line":10,"column":16}},"8":{"start":{"line":12,"column":2},"end":{"line":12,"column":16}},"9":{"start":{"line":15,"column":14},"end":{"line":21,"column":1}},"10":{"start":{"line":16,"column":2},"end":{"line":20,"column":9}}},"fnMap":{"0":{"name":"(anonymous_0)","decl":{"start":{"line":3,"column":20},"end":{"line":3,"column":21}},"loc":{"start":{"line":3,"column":30},"end":{"line":13,"column":1}},"line":3},"1":{"name":"(anonymous_1)","decl":{"start":{"line":15,"column":14},"end":{"line":15,"column":15}},"loc":{"start":{"line":16,"column":2},"end":{"line":20,"column":9}},"line":16}},"branchMap":{"0":{"loc":{"start":{"line":7,"column":2},"end":{"line":11,"column":3}},"type":"if","locations":[{"start":{"line":7,"column":2},"end":{"line":11,"column":3}},{"start":{"line":7,"column":2},"end":{"line":11,"column":3}}],"line":7},"1":{"loc":{"start":{"line":9,"column":9},"end":{"line":11,"column":3}},"type":"if","locations":[{"start":{"line":9,"column":9},"end":{"line":11,"column":3}},{"start":{"line":9,"column":9},"end":{"line":11,"column":3}}],"line":9}},"s":{"0":1,"1":1,"2":1,"3":1,"4":1,"5":0,"6":1,"7":0,"8":1,"9":1,"10":1},"f":{"0":1,"1":1},"b":{"0":[0,1],"1":[0,1]},"_coverageSchema":"1a1c01bbd47fc00a2c39e90264f33305004495a9","hash":"af680aad5e9fbdb625a32885b8ebf598d5259cd4"}
,"/Users/mac/Documents/Coding/hr-rfp53-fec3-project/client/src/components/overview/Overview.jsx": {"path":"/Users/mac/Documents/Coding/hr-rfp53-fec3-project/client/src/components/overview/Overview.jsx","statementMap":{"0":{"start":{"line":8,"column":17},"end":{"line":18,"column":1}},"1":{"start":{"line":9,"column":2},"end":{"line":17,"column":8}}},"fnMap":{"0":{"name":"(anonymous_0)","decl":{"start":{"line":8,"column":17},"end":{"line":8,"column":18}},"loc":{"start":{"line":9,"column":2},"end":{"line":17,"column":8}},"line":9}},"branchMap":{},"s":{"0":1,"1":1},"f":{"0":1},"b":{},"_coverageSchema":"1a1c01bbd47fc00a2c39e90264f33305004495a9","hash":"62118666115899182289daca6f1b20d486b93885"}
,"/Users/mac/Documents/Coding/hr-rfp53-fec3-project/client/src/components/overview/add-to-cart/AddToCart.jsx": {"path":"/Users/mac/Documents/Coding/hr-rfp53-fec3-project/client/src/components/overview/add-to-cart/AddToCart.jsx","statementMap":{"0":{"start":{"line":6,"column":18},"end":{"line":19,"column":1}},"1":{"start":{"line":7,"column":2},"end":{"line":18,"column":4}}},"fnMap":{"0":{"name":"(anonymous_0)","decl":{"start":{"line":6,"column":18},"end":{"line":6,"column":19}},"loc":{"start":{"line":6,"column":27},"end":{"line":19,"column":1}},"line":6}},"branchMap":{},"s":{"0":1,"1":1},"f":{"0":1},"b":{},"_coverageSchema":"1a1c01bbd47fc00a2c39e90264f33305004495a9","hash":"cd04c474f6fa36a330fbef63990cd0552fd05cf7"}
,"/Users/mac/Documents/Coding/hr-rfp53-fec3-project/client/src/components/overview/add-to-cart/AddToCartButton.jsx": {"path":"/Users/mac/Documents/Coding/hr-rfp53-fec3-project/client/src/components/overview/add-to-cart/AddToCartButton.jsx","statementMap":{"0":{"start":{"line":3,"column":24},"end":{"line":9,"column":1}},"1":{"start":{"line":4,"column":2},"end":{"line":8,"column":4}}},"fnMap":{"0":{"name":"(anonymous_0)","decl":{"start":{"line":3,"column":24},"end":{"line":3,"column":25}},"loc":{"start":{"line":3,"column":33},"end":{"line":9,"column":1}},"line":3}},"branchMap":{},"s":{"0":1,"1":1},"f":{"0":1},"b":{},"_coverageSchema":"1a1c01bbd47fc00a2c39e90264f33305004495a9","hash":"d365029d822dfb3fef3e4ccf7fd306da33f0b30b"}
,"/Users/mac/Documents/Coding/hr-rfp53-fec3-project/client/src/components/overview/add-to-cart/QuantitySelect.jsx": {"path":"/Users/mac/Documents/Coding/hr-rfp53-fec3-project/client/src/components/overview/add-to-cart/QuantitySelect.jsx","statementMap":{"0":{"start":{"line":3,"column":23},"end":{"line":11,"column":1}},"1":{"start":{"line":4,"column":2},"end":{"line":10,"column":4}}},"fnMap":{"0":{"name":"(anonymous_0)","decl":{"start":{"line":3,"column":23},"end":{"line":3,"column":24}},"loc":{"start":{"line":3,"column":32},"end":{"line":11,"column":1}},"line":3}},"branchMap":{},"s":{"0":1,"1":1},"f":{"0":1},"b":{},"_coverageSchema":"1a1c01bbd47fc00a2c39e90264f33305004495a9","hash":"1113ef689f2867cbbf19126c36ece204c16ed7d1"}
,"/Users/mac/Documents/Coding/hr-rfp53-fec3-project/client/src/components/overview/add-to-cart/SizeSelect.jsx": {"path":"/Users/mac/Documents/Coding/hr-rfp53-fec3-project/client/src/components/overview/add-to-cart/SizeSelect.jsx","statementMap":{"0":{"start":{"line":3,"column":19},"end":{"line":11,"column":1}},"1":{"start":{"line":4,"column":2},"end":{"line":10,"column":4}}},"fnMap":{"0":{"name":"(anonymous_0)","decl":{"start":{"line":3,"column":19},"end":{"line":3,"column":20}},"loc":{"start":{"line":3,"column":28},"end":{"line":11,"column":1}},"line":3}},"branchMap":{},"s":{"0":1,"1":1},"f":{"0":1},"b":{},"_coverageSchema":"1a1c01bbd47fc00a2c39e90264f33305004495a9","hash":"16508d83aa608db13cdf9b8daedf69507f4d4ac3"}
,"/Users/mac/Documents/Coding/hr-rfp53-fec3-project/client/src/components/overview/image-gallery/ImageGallery.jsx": {"path":"/Users/mac/Documents/Coding/hr-rfp53-fec3-project/client/src/components/overview/image-gallery/ImageGallery.jsx","statementMap":{"0":{"start":{"line":3,"column":21},"end":{"line":9,"column":1}},"1":{"start":{"line":4,"column":2},"end":{"line":8,"column":4}}},"fnMap":{"0":{"name":"(anonymous_0)","decl":{"start":{"line":3,"column":21},"end":{"line":3,"column":22}},"loc":{"start":{"line":3,"column":30},"end":{"line":9,"column":1}},"line":3}},"branchMap":{},"s":{"0":1,"1":1},"f":{"0":1},"b":{},"_coverageSchema":"1a1c01bbd47fc00a2c39e90264f33305004495a9","hash":"44c7bc361b02e16b2cf6a7d664e319f382c1db9b"}
,"/Users/mac/Documents/Coding/hr-rfp53-fec3-project/client/src/components/overview/product-desc/ProductDescription.jsx": {"path":"/Users/mac/Documents/Coding/hr-rfp53-fec3-project/client/src/components/overview/product-desc/ProductDescription.jsx","statementMap":{"0":{"start":{"line":3,"column":27},"end":{"line":20,"column":1}},"1":{"start":{"line":4,"column":2},"end":{"line":19,"column":4}}},"fnMap":{"0":{"name":"(anonymous_0)","decl":{"start":{"line":3,"column":27},"end":{"line":3,"column":28}},"loc":{"start":{"line":3,"column":36},"end":{"line":20,"column":1}},"line":3}},"branchMap":{},"s":{"0":1,"1":1},"f":{"0":1},"b":{},"_coverageSchema":"1a1c01bbd47fc00a2c39e90264f33305004495a9","hash":"d4cb709a0a2081b7508de06e5fb591a1f97a5ac4"}
,"/Users/mac/Documents/Coding/hr-rfp53-fec3-project/client/src/components/overview/product-info/Price.jsx": {"path":"/Users/mac/Documents/Coding/hr-rfp53-fec3-project/client/src/components/overview/product-info/Price.jsx","statementMap":{"0":{"start":{"line":3,"column":14},"end":{"line":7,"column":1}},"1":{"start":{"line":4,"column":2},"end":{"line":6,"column":8}}},"fnMap":{"0":{"name":"(anonymous_0)","decl":{"start":{"line":3,"column":14},"end":{"line":3,"column":15}},"loc":{"start":{"line":4,"column":2},"end":{"line":6,"column":8}},"line":4}},"branchMap":{},"s":{"0":1,"1":1},"f":{"0":1},"b":{},"_coverageSchema":"1a1c01bbd47fc00a2c39e90264f33305004495a9","hash":"271262e50cc9ced82622aa0ade5810c494f3487a"}
,"/Users/mac/Documents/Coding/hr-rfp53-fec3-project/client/src/components/overview/product-info/ProductInfo.jsx": {"path":"/Users/mac/Documents/Coding/hr-rfp53-fec3-project/client/src/components/overview/product-info/ProductInfo.jsx","statementMap":{"0":{"start":{"line":6,"column":20},"end":{"line":22,"column":1}},"1":{"start":{"line":7,"column":2},"end":{"line":9,"column":22}},"2":{"start":{"line":8,"column":4},"end":{"line":8,"column":44}},"3":{"start":{"line":11,"column":2},"end":{"line":21,"column":4}}},"fnMap":{"0":{"name":"(anonymous_0)","decl":{"start":{"line":6,"column":20},"end":{"line":6,"column":21}},"loc":{"start":{"line":6,"column":29},"end":{"line":22,"column":1}},"line":6},"1":{"name":"(anonymous_1)","decl":{"start":{"line":7,"column":12},"end":{"line":7,"column":13}},"loc":{"start":{"line":7,"column":18},"end":{"line":9,"column":3}},"line":7}},"branchMap":{},"s":{"0":1,"1":1,"2":1,"3":1},"f":{"0":1,"1":1},"b":{},"_coverageSchema":"1a1c01bbd47fc00a2c39e90264f33305004495a9","hash":"9b4a90d0c95b12a3e017c526a1a83c964da071d3"}
,"/Users/mac/Documents/Coding/hr-rfp53-fec3-project/client/src/components/overview/product-info/SocialMedia.jsx": {"path":"/Users/mac/Documents/Coding/hr-rfp53-fec3-project/client/src/components/overview/product-info/SocialMedia.jsx","statementMap":{"0":{"start":{"line":3,"column":20},"end":{"line":11,"column":1}},"1":{"start":{"line":4,"column":2},"end":{"line":10,"column":4}}},"fnMap":{"0":{"name":"(anonymous_0)","decl":{"start":{"line":3,"column":20},"end":{"line":3,"column":21}},"loc":{"start":{"line":3,"column":26},"end":{"line":11,"column":1}},"line":3}},"branchMap":{},"s":{"0":1,"1":1},"f":{"0":1},"b":{},"_coverageSchema":"1a1c01bbd47fc00a2c39e90264f33305004495a9","hash":"8d942aab1a3f697c881bf0f1694ece1723827a09"}
,"/Users/mac/Documents/Coding/hr-rfp53-fec3-project/client/src/components/overview/style-selector/StyleSelect.jsx": {"path":"/Users/mac/Documents/Coding/hr-rfp53-fec3-project/client/src/components/overview/style-selector/StyleSelect.jsx","statementMap":{"0":{"start":{"line":3,"column":20},"end":{"line":9,"column":1}},"1":{"start":{"line":4,"column":2},"end":{"line":8,"column":4}}},"fnMap":{"0":{"name":"(anonymous_0)","decl":{"start":{"line":3,"column":20},"end":{"line":3,"column":21}},"loc":{"start":{"line":3,"column":29},"end":{"line":9,"column":1}},"line":3}},"branchMap":{},"s":{"0":1,"1":1},"f":{"0":1},"b":{},"_coverageSchema":"1a1c01bbd47fc00a2c39e90264f33305004495a9","hash":"2b032d1723d66b5cc7e7d59ed1da7765bfa52462"}
}
