TN:
SF:client/src/components/Stars.jsx
FN:3,(anonymous_0)
FN:15,(anonymous_1)
FNF:2
FNH:2
FNDA:1,(anonymous_0)
FNDA:1,(anonymous_1)
DA:3,1
DA:4,1
DA:5,1
DA:6,1
DA:7,1
DA:8,0
DA:9,1
DA:10,0
DA:12,1
DA:15,1
DA:16,1
LF:11
LH:9
BRDA:7,0,0,0
BRDA:7,0,1,1
BRDA:9,1,0,0
BRDA:9,1,1,1
BRF:4
BRH:2
end_of_record
TN:
SF:client/src/components/overview/Overview.jsx
FN:8,(anonymous_0)
FNF:1
FNH:1
FNDA:1,(anonymous_0)
DA:8,1
DA:9,1
LF:2
LH:2
BRF:0
BRH:0
end_of_record
TN:
SF:client/src/components/overview/add-to-cart/AddToCart.jsx
FN:6,(anonymous_0)
FNF:1
FNH:1
FNDA:1,(anonymous_0)
DA:6,1
DA:7,1
LF:2
LH:2
BRF:0
BRH:0
end_of_record
TN:
SF:client/src/components/overview/add-to-cart/AddToCartButton.jsx
FN:3,(anonymous_0)
FNF:1
FNH:1
FNDA:1,(anonymous_0)
DA:3,1
DA:4,1
LF:2
LH:2
BRF:0
BRH:0
end_of_record
TN:
SF:client/src/components/overview/add-to-cart/QuantitySelect.jsx
FN:3,(anonymous_0)
FNF:1
FNH:1
FNDA:1,(anonymous_0)
DA:3,1
DA:4,1
LF:2
LH:2
BRF:0
BRH:0
end_of_record
TN:
SF:client/src/components/overview/add-to-cart/SizeSelect.jsx
FN:3,(anonymous_0)
FNF:1
FNH:1
FNDA:1,(anonymous_0)
DA:3,1
DA:4,1
LF:2
LH:2
BRF:0
BRH:0
end_of_record
TN:
SF:client/src/components/overview/image-gallery/ImageGallery.jsx
FN:3,(anonymous_0)
FNF:1
FNH:1
FNDA:1,(anonymous_0)
DA:3,1
DA:4,1
LF:2
LH:2
BRF:0
BRH:0
end_of_record
TN:
SF:client/src/components/overview/product-desc/ProductDescription.jsx
FN:3,(anonymous_0)
FNF:1
FNH:1
FNDA:1,(anonymous_0)
DA:3,1
DA:4,1
LF:2
LH:2
BRF:0
BRH:0
end_of_record
TN:
SF:client/src/components/overview/product-info/Price.jsx
FN:3,(anonymous_0)
FNF:1
FNH:1
FNDA:1,(anonymous_0)
DA:3,1
DA:4,1
LF:2
LH:2
BRF:0
BRH:0
end_of_record
TN:
SF:client/src/components/overview/product-info/ProductInfo.jsx
FN:6,(anonymous_0)
FN:7,(anonymous_1)
FNF:2
FNH:2
FNDA:1,(anonymous_0)
FNDA:1,(anonymous_1)
DA:6,1
DA:7,1
DA:8,1
DA:11,1
LF:4
LH:4
BRF:0
BRH:0
end_of_record
TN:
SF:client/src/components/overview/product-info/SocialMedia.jsx
FN:3,(anonymous_0)
FNF:1
FNH:1
FNDA:1,(anonymous_0)
DA:3,1
DA:4,1
LF:2
LH:2
BRF:0
BRH:0
end_of_record
TN:
SF:client/src/components/overview/style-selector/StyleSelect.jsx
FN:3,(anonymous_0)
FNF:1
FNH:1
FNDA:1,(anonymous_0)
DA:3,1
DA:4,1
LF:2
LH:2
BRF:0
BRH:0
end_of_record
